<?xml version="1.0" encoding="utf-8"?><testsuites name="pytest tests"><testsuite name="pytest" errors="0" failures="0" skipped="0" tests="4" time="0.931" timestamp="2026-06-07T23:48:31.349786+00:00" hostname="agent-env-a2b7a794-36e4-4685-9418-27b30d02d771"><testcase classname="backend.tests.test_mobile_preview_regression" name="test_api_health_ok" time="0.427" /><testcase classname="backend.tests.test_mobile_preview_regression" name="test_mobile_root_no_unmatched_route" time="0.112" /><testcase classname="backend.tests.test_mobile_preview_regression" name="test_mobile_camera_no_unmatched_route" time="0.117" /><testcase classname="backend.tests.test_mobile_preview_regression" name="test_admin_login_works" time="0.212" /></testsuite></testsuites>