<?xml version="1.0" encoding="utf-8"?><testsuites name="pytest tests"><testsuite name="pytest" errors="0" failures="0" skipped="0" tests="11" time="8.918" timestamp="2026-06-08T23:18:47.512203+00:00" hostname="agent-env-a2b7a794-36e4-4685-9418-27b30d02d771"><testcase classname="backend.tests.test_deepgram_voice_learn.TestDeepgramTranscribeEndpoint" name="test_transcribe_endpoint_exists" time="0.173" /><testcase classname="backend.tests.test_deepgram_voice_learn.TestDeepgramTranscribeEndpoint" name="test_transcribe_invalid_audio_error_shape" time="0.122" /><testcase classname="backend.tests.test_deepgram_voice_learn.TestDeepgramTranscribeEndpoint" name="test_transcribe_empty_audio_error" time="0.107" /><testcase classname="backend.tests.test_deepgram_voice_learn.TestLearnModuleEndpoint" name="test_modules_content_endpoint_exists" time="3.810" /><testcase classname="backend.tests.test_deepgram_voice_learn.TestLearnModuleEndpoint" name="test_learn_module_returns_fallback_content" time="0.120" /><testcase classname="backend.tests.test_deepgram_voice_learn.TestLearnModuleEndpoint" name="test_tutorial_module_works" time="0.121" /><testcase classname="backend.tests.test_deepgram_voice_learn.TestLearnModuleEndpoint" name="test_roleplay_module_works" time="3.051" /><testcase classname="backend.tests.test_deepgram_voice_learn.TestLearnModuleEndpoint" name="test_invalid_module_returns_400" time="0.169" /><testcase classname="backend.tests.test_deepgram_voice_learn.TestOtherMobileEndpoints" name="test_ping_endpoint" time="0.108" /><testcase classname="backend.tests.test_deepgram_voice_learn.TestOtherMobileEndpoints" name="test_translate_endpoint" time="0.945" /><testcase classname="backend.tests.test_deepgram_voice_learn.TestOtherMobileEndpoints" name="test_public_languages" time="0.115" /></testsuite></testsuites>