<?xml version="1.0" encoding="utf-8"?><testsuites name="pytest tests"><testsuite name="pytest" errors="0" failures="7" skipped="0" tests="27" time="9.791" timestamp="2026-06-08T21:21:58.298634+00:00" hostname="agent-env-a2b7a794-36e4-4685-9418-27b30d02d771"><testcase classname="tests.test_chinguspeak_api.TestHostingerBackend" name="test_health_endpoint" time="0.289" /><testcase classname="tests.test_chinguspeak_api.TestHostingerBackend" name="test_ping_endpoint" time="0.212" /><testcase classname="tests.test_chinguspeak_api.TestHostingerBackend" name="test_transcribe_route_exists" time="0.216"><failure message="Failed: CRITICAL: /api/transcribe route returns 404 - route not deployed. Response: {&quot;detail&quot;:&quot;Not found: POST /api/transcribe&quot;}">tests/test_chinguspeak_api.py:49: in test_transcribe_route_exists
    pytest.fail(f"CRITICAL: /api/transcribe route returns 404 - route not deployed. Response: {response.text}")
E   Failed: CRITICAL: /api/transcribe route returns 404 - route not deployed. Response: {"detail":"Not found: POST /api/transcribe"}</failure></testcase><testcase classname="tests.test_chinguspeak_api.TestHostingerBackend" name="test_tts_route_exists" time="0.215"><failure message="Failed: CRITICAL: /api/tts route returns 404 - route not deployed. Response: {&quot;detail&quot;:&quot;Not found: POST /api/tts&quot;}">tests/test_chinguspeak_api.py:61: in test_tts_route_exists
    pytest.fail(f"CRITICAL: /api/tts route returns 404 - route not deployed. Response: {response.text}")
E   Failed: CRITICAL: /api/tts route returns 404 - route not deployed. Response: {"detail":"Not found: POST /api/tts"}</failure></testcase><testcase classname="tests.test_chinguspeak_api.TestHostingerBackend" name="test_credits_me_route_exists" time="0.222"><failure message="Failed: CRITICAL: /api/credits/me route returns 404 - route not deployed. Response: {&quot;detail&quot;:&quot;Not found: GET /api/credits/me&quot;}">tests/test_chinguspeak_api.py:69: in test_credits_me_route_exists
    pytest.fail(f"CRITICAL: /api/credits/me route returns 404 - route not deployed. Response: {response.text}")
E   Failed: CRITICAL: /api/credits/me route returns 404 - route not deployed. Response: {"detail":"Not found: GET /api/credits/me"}</failure></testcase><testcase classname="tests.test_chinguspeak_api.TestHostingerBackend" name="test_credits_reward_route_exists" time="0.217"><failure message="Failed: CRITICAL: /api/credits/reward route returns 404 - route not deployed. Response: {&quot;detail&quot;:&quot;Not found: POST /api/credits/reward&quot;}">tests/test_chinguspeak_api.py:81: in test_credits_reward_route_exists
    pytest.fail(f"CRITICAL: /api/credits/reward route returns 404 - route not deployed. Response: {response.text}")
E   Failed: CRITICAL: /api/credits/reward route returns 404 - route not deployed. Response: {"detail":"Not found: POST /api/credits/reward"}</failure></testcase><testcase classname="tests.test_chinguspeak_api.TestHostingerBackend" name="test_credits_events_route_exists" time="0.227"><failure message="Failed: CRITICAL: /api/credits/events route returns 404 - route not deployed. Response: {&quot;detail&quot;:&quot;Not found: GET /api/credits/events&quot;}">tests/test_chinguspeak_api.py:89: in test_credits_events_route_exists
    pytest.fail(f"CRITICAL: /api/credits/events route returns 404 - route not deployed. Response: {response.text}")
E   Failed: CRITICAL: /api/credits/events route returns 404 - route not deployed. Response: {"detail":"Not found: GET /api/credits/events"}</failure></testcase><testcase classname="tests.test_chinguspeak_api.TestHostingerBackend" name="test_subscriptions_verify_route_exists" time="0.208"><failure message="Failed: CRITICAL: /api/subscriptions/verify route returns 404 - route not deployed. Response: {&quot;detail&quot;:&quot;Not found: POST /api/subscriptions/verify&quot;}">tests/test_chinguspeak_api.py:101: in test_subscriptions_verify_route_exists
    pytest.fail(f"CRITICAL: /api/subscriptions/verify route returns 404 - route not deployed. Response: {response.text}")
E   Failed: CRITICAL: /api/subscriptions/verify route returns 404 - route not deployed. Response: {"detail":"Not found: POST /api/subscriptions/verify"}</failure></testcase><testcase classname="tests.test_chinguspeak_api.TestHostingerBackend" name="test_modules_content_route_exists" time="0.210"><failure message="Failed: CRITICAL: /api/modules/content route returns 404 - route not deployed. Response: {&quot;detail&quot;:&quot;Not found: POST /api/modules/content&quot;}">tests/test_chinguspeak_api.py:113: in test_modules_content_route_exists
    pytest.fail(f"CRITICAL: /api/modules/content route returns 404 - route not deployed. Response: {response.text}")
E   Failed: CRITICAL: /api/modules/content route returns 404 - route not deployed. Response: {"detail":"Not found: POST /api/modules/content"}</failure></testcase><testcase classname="tests.test_chinguspeak_api.TestHostingerBackend" name="test_translate_route_exists" time="1.596" /><testcase classname="tests.test_chinguspeak_api.TestHostingerBackend" name="test_chat_route_exists" time="1.087" /><testcase classname="tests.test_chinguspeak_api.TestPreviewBackend" name="test_health_endpoint" time="0.351" /><testcase classname="tests.test_chinguspeak_api.TestPreviewBackend" name="test_ping_endpoint" time="0.180" /><testcase classname="tests.test_chinguspeak_api.TestPreviewBackend" name="test_transcribe_route_exists" time="0.150" /><testcase classname="tests.test_chinguspeak_api.TestPreviewBackend" name="test_tts_route_exists" time="0.116" /><testcase classname="tests.test_chinguspeak_api.TestPreviewBackend" name="test_credits_me_route_missing" time="0.117" /><testcase classname="tests.test_chinguspeak_api.TestPreviewBackend" name="test_modules_content_route_missing" time="0.183" /><testcase classname="tests.test_chinguspeak_api.TestPreviewBackend" name="test_translate_route_works" time="1.032" /><testcase classname="tests.test_chinguspeak_api.TestPreviewBackend" name="test_chat_route_works" time="1.085" /><testcase classname="tests.test_chinguspeak_api.TestPublicEndpoints" name="test_public_languages[https://linen-wolf-239815.hostingersite.com]" time="0.253" /><testcase classname="tests.test_chinguspeak_api.TestPublicEndpoints" name="test_public_languages[https://chinguspeak-preview.preview.emergentagent.com]" time="0.196" /><testcase classname="tests.test_chinguspeak_api.TestPublicEndpoints" name="test_public_scenarios[https://linen-wolf-239815.hostingersite.com]" time="0.218" /><testcase classname="tests.test_chinguspeak_api.TestPublicEndpoints" name="test_public_scenarios[https://chinguspeak-preview.preview.emergentagent.com]" time="0.114" /><testcase classname="tests.test_chinguspeak_api.TestPublicEndpoints" name="test_public_settings[https://linen-wolf-239815.hostingersite.com]" time="0.219" /><testcase classname="tests.test_chinguspeak_api.TestPublicEndpoints" name="test_public_settings[https://chinguspeak-preview.preview.emergentagent.com]" time="0.119" /><testcase classname="tests.test_chinguspeak_api.TestAdminAuth" name="test_admin_login[https://linen-wolf-239815.hostingersite.com]" time="0.273" /><testcase classname="tests.test_chinguspeak_api.TestAdminAuth" name="test_admin_login[https://chinguspeak-preview.preview.emergentagent.com]" time="0.353" /></testsuite></testsuites>