<?xml version="1.0" encoding="utf-8"?><testsuites name="pytest tests"><testsuite name="pytest" errors="0" failures="1" skipped="0" tests="4" time="1.647" timestamp="2026-06-07T22:43:28.627944+00:00" hostname="agent-env-a2b7a794-36e4-4685-9418-27b30d02d771"><testcase classname="chinguspeak.tests.test_hostinger_admin_php" name="test_health_ok" time="0.297" /><testcase classname="chinguspeak.tests.test_hostinger_admin_php" name="test_admin_login_ok" time="0.256" /><testcase classname="chinguspeak.tests.test_hostinger_admin_php" name="test_llm_key_create_and_direct_delete" time="0.455" /><testcase classname="chinguspeak.tests.test_hostinger_admin_php" name="test_llm_key_delete_fallback_route" time="0.451"><failure message="AssertionError: {&quot;detail&quot;:&quot;Not found: POST /api/llm-keys/f0fe3911-9f98-4985-80c8-6f86a57435ca/delete&quot;}&#10;assert 404 == 200&#10; +  where 404 = &lt;Response [404]&gt;.status_code">chinguspeak/tests/test_hostinger_admin_php.py:95: in test_llm_key_delete_fallback_route
    assert fallback.status_code == 200, fallback.text
E   AssertionError: {"detail":"Not found: POST /api/llm-keys/f0fe3911-9f98-4985-80c8-6f86a57435ca/delete"}
E   assert 404 == 200
E    +  where 404 = &lt;Response [404]&gt;.status_code</failure></testcase></testsuite></testsuites>