<?xml version="1.0" encoding="utf-8"?><testsuites name="pytest tests"><testsuite name="pytest" errors="0" failures="0" skipped="0" tests="32" time="7.000" timestamp="2026-06-07T01:07:58.109118+00:00" hostname="agent-env-a9bcfa8c-5c50-4049-84eb-d4849086b8cc"><testcase classname="backend.tests.backend_test.TestAuth" name="test_health" time="0.253" /><testcase classname="backend.tests.backend_test.TestAuth" name="test_admin_login_success" time="0.277" /><testcase classname="backend.tests.backend_test.TestAuth" name="test_admin_login_wrong_password" time="0.271" /><testcase classname="backend.tests.backend_test.TestAuth" name="test_me_with_token" time="0.325" /><testcase classname="backend.tests.backend_test.TestAuth" name="test_protected_without_token" time="0.047" /><testcase classname="backend.tests.backend_test.TestAuth" name="test_old_auth_login_is_now_user_route" time="0.048" /><testcase classname="backend.tests.backend_test.TestDashboard" name="test_overview" time="0.054" /><testcase classname="backend.tests.backend_test.TestDashboard" name="test_dashboard_unauth" time="0.046" /><testcase classname="backend.tests.backend_test.TestLLMKeys" name="test_list_seeded" time="0.054" /><testcase classname="backend.tests.backend_test.TestLLMKeys" name="test_masked_vs_reveal" time="0.197" /><testcase classname="backend.tests.backend_test.TestLLMKeys" name="test_full_crud" time="0.333" /><testcase classname="backend.tests.backend_test.TestSettings" name="test_list_seeded" time="0.050" /><testcase classname="backend.tests.backend_test.TestSettings" name="test_upsert_persists" time="0.106" /><testcase classname="backend.tests.backend_test.TestUsers" name="test_seeded_five" time="0.047" /><testcase classname="backend.tests.backend_test.TestUsers" name="test_search_sarah" time="0.047" /><testcase classname="backend.tests.backend_test.TestUsers" name="test_toggle_pro" time="0.200" /><testcase classname="backend.tests.backend_test.TestLanguages" name="test_seeded_six" time="0.048" /><testcase classname="backend.tests.backend_test.TestLanguages" name="test_add_and_dup" time="0.153" /><testcase classname="backend.tests.backend_test.TestScenarios" name="test_seeded_five" time="0.048" /><testcase classname="backend.tests.backend_test.TestScenarios" name="test_add_scenario" time="0.099" /><testcase classname="backend.tests.backend_test.TestAdmins" name="test_list_has_super_admin" time="0.051" /><testcase classname="backend.tests.backend_test.TestAdmins" name="test_cannot_delete_self" time="0.100" /><testcase classname="backend.tests.backend_test.TestPing" name="test_ping" time="0.049" /><testcase classname="backend.tests.backend_test.TestPublicConfig" name="test_active_llm_no_apikey_leak" time="0.052" /><testcase classname="backend.tests.backend_test.TestPublicConfig" name="test_public_scenarios" time="0.059" /><testcase classname="backend.tests.backend_test.TestPublicConfig" name="test_public_languages" time="0.048" /><testcase classname="backend.tests.backend_test.TestMobileUserAuth" name="test_login_returns_user_and_token" time="0.321" /><testcase classname="backend.tests.backend_test.TestMobileUserAuth" name="test_login_wrong_password" time="0.282" /><testcase classname="backend.tests.backend_test.TestTranslate" name="test_translate_hello_to_ko" time="1.003" /><testcase classname="backend.tests.backend_test.TestChat" name="test_chat_reply" time="1.297" /><testcase classname="backend.tests.backend_test.TestChat" name="test_chat_history" time="0.053" /><testcase classname="backend.tests.backend_test.TestBannedUserEnforcement" name="test_ban_then_login_blocked_then_unban" time="0.863" /></testsuite></testsuites>