<?xml version="1.0" encoding="utf-8"?><testsuites name="pytest tests"><testsuite name="pytest" errors="0" failures="2" skipped="0" tests="19" time="12.529" timestamp="2026-06-03T05:02:10.121864+00:00" hostname="agent-env-a2bd6d20-a104-452a-8313-0cd0733611c3"><testcase classname="tests.backend_test.TestHealth" name="test_root" time="0.141" /><testcase classname="tests.backend_test.TestHealth" name="test_languages_50_plus" time="0.115" /><testcase classname="tests.backend_test.TestTranslate" name="test_empty_text_returns_400" time="0.113" /><testcase classname="tests.backend_test.TestTranslate" name="test_english_to_korean" time="0.449"><failure message="AssertionError: {&quot;detail&quot;:&quot;Translation failed: Failed to generate chat completion: litellm.BadRequestError: OpenAIException - Budget has been exceeded! Current cost: 0.0036839999999999998, Max budget: 0.001&quot;}&#10;assert 500 == 200&#10; +  where 500 = &lt;Response [500]&gt;.status_code">tests/backend_test.py:51: in test_english_to_korean
    assert r.status_code == 200, r.text
E   AssertionError: {"detail":"Translation failed: Failed to generate chat completion: litellm.BadRequestError: OpenAIException - Budget has been exceeded! Current cost: 0.0036839999999999998, Max budget: 0.001"}
E   assert 500 == 200
E    +  where 500 = &lt;Response [500]&gt;.status_code</failure></testcase><testcase classname="tests.backend_test.TestTranslate" name="test_english_to_french" time="0.287"><failure message="assert 500 == 200&#10; +  where 500 = &lt;Response [500]&gt;.status_code">tests/backend_test.py:67: in test_english_to_french
    assert r.status_code == 200
E   assert 500 == 200
E    +  where 500 = &lt;Response [500]&gt;.status_code</failure></testcase><testcase classname="tests.backend_test.TestTranslate" name="test_english_to_darija" time="1.012" /><testcase classname="tests.backend_test.TestTranslate" name="test_auto_detect_to_spanish" time="0.879" /><testcase classname="tests.backend_test.TestImageTranslate" name="test_image_ocr_and_translate_to_french" time="1.046" /><testcase classname="tests.backend_test.TestImageTranslate" name="test_image_missing_returns_400" time="0.118" /><testcase classname="tests.backend_test.TestTTS" name="test_tts_english_returns_mp3_b64" time="1.040" /><testcase classname="tests.backend_test.TestTTS" name="test_tts_empty_text_400" time="0.145" /><testcase classname="tests.backend_test.TestTranscribe" name="test_transcribe_real_audio" time="3.429" /><testcase classname="tests.backend_test.TestTranscribe" name="test_transcribe_missing_audio_400" time="0.102" /><testcase classname="tests.backend_test.TestChat" name="test_chat_session_persistence_and_clear" time="2.710" /><testcase classname="tests.backend_test.TestChat" name="test_chat_empty_message_400" time="0.137" /><testcase classname="tests.backend_test.TestHistory" name="test_create_and_list_sorted_desc" time="0.249" /><testcase classname="tests.backend_test.TestHistory" name="test_toggle_favorite" time="0.195" /><testcase classname="tests.backend_test.TestHistory" name="test_favorite_404" time="0.101" /><testcase classname="tests.backend_test.TestHistory" name="test_delete_and_verify_gone" time="0.201" /></testsuite></testsuites>